# JRE version: OpenJDK Runtime Environment (8.0_152-b02) (build 1.8.0_152-release-1024-b02)
# Java VM: OpenJDK 64-Bit Server VM (25.152-b02 mixed mode windows-amd64 compressed oops)
Heap:
 PSYoungGen      total 447488K, used 91041K [0x00000000e0000000, 0x00000000ff280000, 0x0000000100000000)
  eden space 434688K, 18% used [0x00000000e0000000,0x00000000e4c6b0c0,0x00000000fa880000)
  from space 12800K, 99% used [0x00000000fbd80000,0x00000000fc9fd500,0x00000000fca00000)
  to   space 21504K, 0% used [0x00000000fa880000,0x00000000fa880000,0x00000000fbd80000)
 ParOldGen       total 105472K, used 29980K [0x00000000a0000000, 0x00000000a6700000, 0x00000000e0000000)
  object space 105472K, 28% used [0x00000000a0000000,0x00000000a1d47250,0x00000000a6700000)
 Metaspace       used 52454K, capacity 53900K, committed 54232K, reserved 1095680K
  class space    used 7200K, capacity 7555K, committed 7680K, reserved 1048576K
GC Heap History (10 events):
Event: 2.046 GC heap before
{Heap before GC invocations=4 (full 1):
 PSYoungGen      total 141824K, used 8593K [0x00000000e0000000, 0x00000000f1500000, 0x0000000100000000)
  eden space 131072K, 0% used [0x00000000e0000000,0x00000000e0000000,0x00000000e8000000)
  from space 10752K, 79% used [0x00000000e8000000,0x00000000e88646d0,0x00000000e8a80000)
  to   space 10752K, 0% used [0x00000000f0a80000,0x00000000f0a80000,0x00000000f1500000)
 ParOldGen       total 175104K, used 176K [0x00000000a0000000, 0x00000000aab00000, 0x00000000e0000000)
  object space 175104K, 0% used [0x00000000a0000000,0x00000000a002c3b8,0x00000000aab00000)
 Metaspace       used 20768K, capacity 21102K, committed 21248K, reserved 1067008K
  class space    used 2903K, capacity 3021K, committed 3072K, reserved 1048576K
Event: 2.093 GC heap after
Heap after GC invocations=4 (full 1):
 PSYoungGen      total 141824K, used 0K [0x00000000e0000000, 0x00000000f1500000, 0x0000000100000000)
  eden space 131072K, 0% used [0x00000000e0000000,0x00000000e0000000,0x00000000e8000000)
  from space 10752K, 0% used [0x00000000e8000000,0x00000000e8000000,0x00000000e8a80000)
  to   space 10752K, 0% used [0x00000000f0a80000,0x00000000f0a80000,0x00000000f1500000)
 ParOldGen       total 82432K, used 8415K [0x00000000a0000000, 0x00000000a5080000, 0x00000000e0000000)
  object space 82432K, 10% used [0x00000000a0000000,0x00000000a0837e90,0x00000000a5080000)
 Metaspace       used 20768K, capacity 21102K, committed 21248K, reserved 1067008K
  class space    used 2903K, capacity 3021K, committed 3072K, reserved 1048576K
}
Event: 3.554 GC heap before
{Heap before GC invocations=5 (full 1):
 PSYoungGen      total 141824K, used 131072K [0x00000000e0000000, 0x00000000f1500000, 0x0000000100000000)
  eden space 131072K, 100% used [0x00000000e0000000,0x00000000e8000000,0x00000000e8000000)
  from space 10752K, 0% used [0x00000000e8000000,0x00000000e8000000,0x00000000e8a80000)
  to   space 10752K, 0% used [0x00000000f0a80000,0x00000000f0a80000,0x00000000f1500000)
 ParOldGen       total 82432K, used 8415K [0x00000000a0000000, 0x00000000a5080000, 0x00000000e0000000)
  object space 82432K, 10% used [0x00000000a0000000,0x00000000a0837e90,0x00000000a5080000)
 Metaspace       used 29581K, capacity 29948K, committed 30208K, reserved 1075200K
  class space    used 4149K, capacity 4273K, committed 4352K, reserved 1048576K
Event: 3.583 GC heap after
Heap after GC invocations=5 (full 1):
 PSYoungGen      total 253440K, used 10721K [0x00000000e0000000, 0x00000000f1500000, 0x0000000100000000)
  eden space 242688K, 0% used [0x00000000e0000000,0x00000000e0000000,0x00000000eed00000)
  from space 10752K, 99% used [0x00000000f0a80000,0x00000000f14f8578,0x00000000f1500000)
  to   space 10752K, 0% used [0x00000000f0000000,0x00000000f0000000,0x00000000f0a80000)
 ParOldGen       total 82432K, used 10467K [0x00000000a0000000, 0x00000000a5080000, 0x00000000e0000000)
  object space 82432K, 12% used [0x00000000a0000000,0x00000000a0a38d28,0x00000000a5080000)
 Metaspace       used 29581K, capacity 29948K, committed 30208K, reserved 1075200K
  class space    used 4149K, capacity 4273K, committed 4352K, reserved 1048576K
}
Event: 3.985 GC heap before
{Heap before GC invocations=6 (full 1):
 PSYoungGen      total 253440K, used 40684K [0x00000000e0000000, 0x00000000f1500000, 0x0000000100000000)
  eden space 242688K, 12% used [0x00000000e0000000,0x00000000e1d42d40,0x00000000eed00000)
  from space 10752K, 99% used [0x00000000f0a80000,0x00000000f14f8578,0x00000000f1500000)
  to   space 10752K, 0% used [0x00000000f0000000,0x00000000f0000000,0x00000000f0a80000)
 ParOldGen       total 82432K, used 10467K [0x00000000a0000000, 0x00000000a5080000, 0x00000000e0000000)
  object space 82432K, 12% used [0x00000000a0000000,0x00000000a0a38d28,0x00000000a5080000)
 Metaspace       used 34789K, capacity 35296K, committed 35416K, reserved 1079296K
  class space    used 4783K, capacity 4954K, committed 4992K, reserved 1048576K
Event: 4.003 GC heap after
Heap after GC invocations=6 (full 1):
 PSYoungGen      total 272896K, used 9860K [0x00000000e0000000, 0x00000000fca00000, 0x0000000100000000)
  eden space 262144K, 0% used [0x00000000e0000000,0x00000000e0000000,0x00000000f0000000)
  from space 10752K, 91% used [0x00000000f0000000,0x00000000f09a1280,0x00000000f0a80000)
  to   space 12800K, 0% used [0x00000000fbd80000,0x00000000fbd80000,0x00000000fca00000)
 ParOldGen       total 82432K, used 10475K [0x00000000a0000000, 0x00000000a5080000, 0x00000000e0000000)
  object space 82432K, 12% used [0x00000000a0000000,0x00000000a0a3ad28,0x00000000a5080000)
 Metaspace       used 34789K, capacity 35296K, committed 35416K, reserved 1079296K
  class space    used 4783K, capacity 4954K, committed 4992K, reserved 1048576K
}
Event: 4.003 GC heap before
{Heap before GC invocations=7 (full 2):
 PSYoungGen      total 272896K, used 9860K [0x00000000e0000000, 0x00000000fca00000, 0x0000000100000000)
  eden space 262144K, 0% used [0x00000000e0000000,0x00000000e0000000,0x00000000f0000000)
  from space 10752K, 91% used [0x00000000f0000000,0x00000000f09a1280,0x00000000f0a80000)
  to   space 12800K, 0% used [0x00000000fbd80000,0x00000000fbd80000,0x00000000fca00000)
 ParOldGen       total 82432K, used 10475K [0x00000000a0000000, 0x00000000a5080000, 0x00000000e0000000)
  object space 82432K, 12% used [0x00000000a0000000,0x00000000a0a3ad28,0x00000000a5080000)
 Metaspace       used 34789K, capacity 35296K, committed 35416K, reserved 1079296K
  class space    used 4783K, capacity 4954K, committed 4992K, reserved 1048576K
Event: 4.050 GC heap after
Heap after GC invocations=7 (full 2):
 PSYoungGen      total 272896K, used 0K [0x00000000e0000000, 0x00000000fca00000, 0x0000000100000000)
  eden space 262144K, 0% used [0x00000000e0000000,0x00000000e0000000,0x00000000f0000000)
  from space 10752K, 0% used [0x00000000f0000000,0x00000000f0000000,0x00000000f0a80000)
  to   space 12800K, 0% used [0x00000000fbd80000,0x00000000fbd80000,0x00000000fca00000)
 ParOldGen       total 105472K, used 16564K [0x00000000a0000000, 0x00000000a6700000, 0x00000000e0000000)
  object space 105472K, 15% used [0x00000000a0000000,0x00000000a102d2c0,0x00000000a6700000)
 Metaspace       used 34789K, capacity 35296K, committed 35416K, reserved 1079296K
  class space    used 4783K, capacity 4954K, committed 4992K, reserved 1048576K
}
Event: 6.731 GC heap before
{Heap before GC invocations=8 (full 2):
 PSYoungGen      total 272896K, used 262144K [0x00000000e0000000, 0x00000000fca00000, 0x0000000100000000)
  eden space 262144K, 100% used [0x00000000e0000000,0x00000000f0000000,0x00000000f0000000)
  from space 10752K, 0% used [0x00000000f0000000,0x00000000f0000000,0x00000000f0a80000)
  to   space 12800K, 0% used [0x00000000fbd80000,0x00000000fbd80000,0x00000000fca00000)
 ParOldGen       total 105472K, used 16564K [0x00000000a0000000, 0x00000000a6700000, 0x00000000e0000000)
  object space 105472K, 15% used [0x00000000a0000000,0x00000000a102d2c0,0x00000000a6700000)
 Metaspace       used 52436K, capacity 53900K, committed 54232K, reserved 1095680K
  class space    used 7200K, capacity 7555K, committed 7680K, reserved 1048576K
Event: 6.766 GC heap after
Heap after GC invocations=8 (full 2):
 PSYoungGen      total 447488K, used 12789K [0x00000000e0000000, 0x00000000ff280000, 0x0000000100000000)
  eden space 434688K, 0% used [0x00000000e0000000,0x00000000e0000000,0x00000000fa880000)
  from space 12800K, 99% used [0x00000000fbd80000,0x00000000fc9fd500,0x00000000fca00000)
  to   space 21504K, 0% used [0x00000000fa880000,0x00000000fa880000,0x00000000fbd80000)
 ParOldGen       total 105472K, used 29980K [0x00000000a0000000, 0x00000000a6700000, 0x00000000e0000000)
  object space 105472K, 28% used [0x00000000a0000000,0x00000000a1d47250,0x00000000a6700000)
 Metaspace       used 52436K, capacity 53900K, committed 54232K, reserved 1095680K
  class space    used 7200K, capacity 7555K, committed 7680K, reserved 1048576K
}

