# JRE version: OpenJDK Runtime Environment (8.0_152-b02) (build 1.8.0_152-release-1024-b02)
# Java VM: OpenJDK 64-Bit Server VM (25.152-b02 mixed mode windows-amd64 compressed oops)
Heap:
 PSYoungGen      total 272896K, used 50130K [0x00000000e0000000, 0x00000000f4300000, 0x0000000100000000)
  eden space 262144K, 19% used [0x00000000e0000000,0x00000000e30f4aa8,0x00000000f0000000)
  from space 10752K, 0% used [0x00000000f0000000,0x00000000f0000000,0x00000000f0a80000)
  to   space 13312K, 0% used [0x00000000f3600000,0x00000000f3600000,0x00000000f4300000)
 ParOldGen       total 152576K, used 16283K [0x00000000a0000000, 0x00000000a9500000, 0x00000000e0000000)
  object space 152576K, 10% used [0x00000000a0000000,0x00000000a0fe6e98,0x00000000a9500000)
 Metaspace       used 36543K, capacity 37194K, committed 37248K, reserved 1081344K
  class space    used 5011K, capacity 5237K, committed 5248K, reserved 1048576K
GC Heap History (10 events):
Event: 4.195 GC heap before
{Heap before GC invocations=3 (full 0):
 PSYoungGen      total 141824K, used 33123K [0x00000000e0000000, 0x00000000e9500000, 0x0000000100000000)
  eden space 131072K, 17% used [0x00000000e0000000,0x00000000e1611970,0x00000000e8000000)
  from space 10752K, 97% used [0x00000000e8a80000,0x00000000e94c7660,0x00000000e9500000)
  to   space 10752K, 0% used [0x00000000e8000000,0x00000000e8000000,0x00000000e8a80000)
 ParOldGen       total 175104K, used 24K [0x00000000a0000000, 0x00000000aab00000, 0x00000000e0000000)
  object space 175104K, 0% used [0x00000000a0000000,0x00000000a0006000,0x00000000aab00000)
 Metaspace       used 20814K, capacity 21196K, committed 21248K, reserved 1067008K
  class space    used 2916K, capacity 3042K, committed 3072K, reserved 1048576K
Event: 4.223 GC heap after
Heap after GC invocations=3 (full 0):
 PSYoungGen      total 141824K, used 8873K [0x00000000e0000000, 0x00000000f1500000, 0x0000000100000000)
  eden space 131072K, 0% used [0x00000000e0000000,0x00000000e0000000,0x00000000e8000000)
  from space 10752K, 82% used [0x00000000e8000000,0x00000000e88aa590,0x00000000e8a80000)
  to   space 10752K, 0% used [0x00000000f0a80000,0x00000000f0a80000,0x00000000f1500000)
 ParOldGen       total 175104K, used 32K [0x00000000a0000000, 0x00000000aab00000, 0x00000000e0000000)
  object space 175104K, 0% used [0x00000000a0000000,0x00000000a0008000,0x00000000aab00000)
 Metaspace       used 20814K, capacity 21196K, committed 21248K, reserved 1067008K
  class space    used 2916K, capacity 3042K, committed 3072K, reserved 1048576K
}
Event: 4.223 GC heap before
{Heap before GC invocations=4 (full 1):
 PSYoungGen      total 141824K, used 8873K [0x00000000e0000000, 0x00000000f1500000, 0x0000000100000000)
  eden space 131072K, 0% used [0x00000000e0000000,0x00000000e0000000,0x00000000e8000000)
  from space 10752K, 82% used [0x00000000e8000000,0x00000000e88aa590,0x00000000e8a80000)
  to   space 10752K, 0% used [0x00000000f0a80000,0x00000000f0a80000,0x00000000f1500000)
 ParOldGen       total 175104K, used 32K [0x00000000a0000000, 0x00000000aab00000, 0x00000000e0000000)
  object space 175104K, 0% used [0x00000000a0000000,0x00000000a0008000,0x00000000aab00000)
 Metaspace       used 20814K, capacity 21196K, committed 21248K, reserved 1067008K
  class space    used 2916K, capacity 3042K, committed 3072K, reserved 1048576K
Event: 4.332 GC heap after
Heap after GC invocations=4 (full 1):
 PSYoungGen      total 141824K, used 0K [0x00000000e0000000, 0x00000000f1500000, 0x0000000100000000)
  eden space 131072K, 0% used [0x00000000e0000000,0x00000000e0000000,0x00000000e8000000)
  from space 10752K, 0% used [0x00000000e8000000,0x00000000e8000000,0x00000000e8a80000)
  to   space 10752K, 0% used [0x00000000f0a80000,0x00000000f0a80000,0x00000000f1500000)
 ParOldGen       total 101888K, used 8648K [0x00000000a0000000, 0x00000000a6380000, 0x00000000e0000000)
  object space 101888K, 8% used [0x00000000a0000000,0x00000000a0872128,0x00000000a6380000)
 Metaspace       used 20814K, capacity 21196K, committed 21248K, reserved 1067008K
  class space    used 2916K, capacity 3042K, committed 3072K, reserved 1048576K
}
Event: 6.870 GC heap before
{Heap before GC invocations=5 (full 1):
 PSYoungGen      total 141824K, used 131072K [0x00000000e0000000, 0x00000000f1500000, 0x0000000100000000)
  eden space 131072K, 100% used [0x00000000e0000000,0x00000000e8000000,0x00000000e8000000)
  from space 10752K, 0% used [0x00000000e8000000,0x00000000e8000000,0x00000000e8a80000)
  to   space 10752K, 0% used [0x00000000f0a80000,0x00000000f0a80000,0x00000000f1500000)
 ParOldGen       total 101888K, used 8648K [0x00000000a0000000, 0x00000000a6380000, 0x00000000e0000000)
  object space 101888K, 8% used [0x00000000a0000000,0x00000000a0872128,0x00000000a6380000)
 Metaspace       used 29940K, capacity 30466K, committed 30592K, reserved 1075200K
  class space    used 4208K, capacity 4394K, committed 4480K, reserved 1048576K
Event: 6.885 GC heap after
Heap after GC invocations=5 (full 1):
 PSYoungGen      total 210432K, used 10742K [0x00000000e0000000, 0x00000000f1500000, 0x0000000100000000)
  eden space 199680K, 0% used [0x00000000e0000000,0x00000000e0000000,0x00000000ec300000)
  from space 10752K, 99% used [0x00000000f0a80000,0x00000000f14fda48,0x00000000f1500000)
  to   space 10752K, 0% used [0x00000000f0000000,0x00000000f0000000,0x00000000f0a80000)
 ParOldGen       total 101888K, used 11107K [0x00000000a0000000, 0x00000000a6380000, 0x00000000e0000000)
  object space 101888K, 10% used [0x00000000a0000000,0x00000000a0ad8d18,0x00000000a6380000)
 Metaspace       used 29940K, capacity 30466K, committed 30592K, reserved 1075200K
  class space    used 4208K, capacity 4394K, committed 4480K, reserved 1048576K
}
Event: 7.167 GC heap before
{Heap before GC invocations=6 (full 1):
 PSYoungGen      total 210432K, used 37866K [0x00000000e0000000, 0x00000000f1500000, 0x0000000100000000)
  eden space 199680K, 13% used [0x00000000e0000000,0x00000000e1a7cfe8,0x00000000ec300000)
  from space 10752K, 99% used [0x00000000f0a80000,0x00000000f14fda48,0x00000000f1500000)
  to   space 10752K, 0% used [0x00000000f0000000,0x00000000f0000000,0x00000000f0a80000)
 ParOldGen       total 101888K, used 11107K [0x00000000a0000000, 0x00000000a6380000, 0x00000000e0000000)
  object space 101888K, 10% used [0x00000000a0000000,0x00000000a0ad8d18,0x00000000a6380000)
 Metaspace       used 34723K, capacity 35274K, committed 35416K, reserved 1079296K
  class space    used 4790K, capacity 5003K, committed 5120K, reserved 1048576K
Event: 7.175 GC heap after
Heap after GC invocations=6 (full 1):
 PSYoungGen      total 272896K, used 9626K [0x00000000e0000000, 0x00000000f4300000, 0x0000000100000000)
  eden space 262144K, 0% used [0x00000000e0000000,0x00000000e0000000,0x00000000f0000000)
  from space 10752K, 89% used [0x00000000f0000000,0x00000000f0966bb0,0x00000000f0a80000)
  to   space 13312K, 0% used [0x00000000f3600000,0x00000000f3600000,0x00000000f4300000)
 ParOldGen       total 101888K, used 11115K [0x00000000a0000000, 0x00000000a6380000, 0x00000000e0000000)
  object space 101888K, 10% used [0x00000000a0000000,0x00000000a0adad18,0x00000000a6380000)
 Metaspace       used 34723K, capacity 35274K, committed 35416K, reserved 1079296K
  class space    used 4790K, capacity 5003K, committed 5120K, reserved 1048576K
}
Event: 7.175 GC heap before
{Heap before GC invocations=7 (full 2):
 PSYoungGen      total 272896K, used 9626K [0x00000000e0000000, 0x00000000f4300000, 0x0000000100000000)
  eden space 262144K, 0% used [0x00000000e0000000,0x00000000e0000000,0x00000000f0000000)
  from space 10752K, 89% used [0x00000000f0000000,0x00000000f0966bb0,0x00000000f0a80000)
  to   space 13312K, 0% used [0x00000000f3600000,0x00000000f3600000,0x00000000f4300000)
 ParOldGen       total 101888K, used 11115K [0x00000000a0000000, 0x00000000a6380000, 0x00000000e0000000)
  object space 101888K, 10% used [0x00000000a0000000,0x00000000a0adad18,0x00000000a6380000)
 Metaspace       used 34723K, capacity 35274K, committed 35416K, reserved 1079296K
  class space    used 4790K, capacity 5003K, committed 5120K, reserved 1048576K
Event: 7.224 GC heap after
Heap after GC invocations=7 (full 2):
 PSYoungGen      total 272896K, used 0K [0x00000000e0000000, 0x00000000f4300000, 0x0000000100000000)
  eden space 262144K, 0% used [0x00000000e0000000,0x00000000e0000000,0x00000000f0000000)
  from space 10752K, 0% used [0x00000000f0000000,0x00000000f0000000,0x00000000f0a80000)
  to   space 13312K, 0% used [0x00000000f3600000,0x00000000f3600000,0x00000000f4300000)
 ParOldGen       total 152576K, used 16283K [0x00000000a0000000, 0x00000000a9500000, 0x00000000e0000000)
  object space 152576K, 10% used [0x00000000a0000000,0x00000000a0fe6e98,0x00000000a9500000)
 Metaspace       used 34723K, capacity 35274K, committed 35416K, reserved 1079296K
  class space    used 4790K, capacity 5003K, committed 5120K, reserved 1048576K
}

