# JRE version: OpenJDK Runtime Environment (8.0_152-b02) (build 1.8.0_152-release-1024-b02)
# Java VM: OpenJDK 64-Bit Server VM (25.152-b02 mixed mode windows-amd64 compressed oops)
Heap:
 PSYoungGen      total 110592K, used 19456K [0x00000000e0000000, 0x00000000e9180000, 0x0000000100000000)
  eden space 103424K, 12% used [0x00000000e0000000,0x00000000e0c1ffc8,0x00000000e6500000)
  from space 7168K, 98% used [0x00000000e8a80000,0x00000000e91602c0,0x00000000e9180000)
  to   space 10752K, 0% used [0x00000000e7c80000,0x00000000e7c80000,0x00000000e8700000)
 ParOldGen       total 99328K, used 8528K [0x00000000a0000000, 0x00000000a6100000, 0x00000000e0000000)
  object space 99328K, 8% used [0x00000000a0000000,0x00000000a0854308,0x00000000a6100000)
 Metaspace       used 26958K, capacity 27314K, committed 27520K, reserved 1073152K
  class space    used 3755K, capacity 3908K, committed 3968K, reserved 1048576K
GC Heap History (10 events):
Event: 0.942 GC heap before
{Heap before GC invocations=1 (full 0):
 PSYoungGen      total 76288K, used 65536K [0x00000000e0000000, 0x00000000e5500000, 0x0000000100000000)
  eden space 65536K, 100% used [0x00000000e0000000,0x00000000e4000000,0x00000000e4000000)
  from space 10752K, 0% used [0x00000000e4a80000,0x00000000e4a80000,0x00000000e5500000)
  to   space 10752K, 0% used [0x00000000e4000000,0x00000000e4000000,0x00000000e4a80000)
 ParOldGen       total 175104K, used 0K [0x00000000a0000000, 0x00000000aab00000, 0x00000000e0000000)
  object space 175104K, 0% used [0x00000000a0000000,0x00000000a0000000,0x00000000aab00000)
 Metaspace       used 10826K, capacity 11088K, committed 11264K, reserved 1058816K
  class space    used 1431K, capacity 1522K, committed 1536K, reserved 1048576K
Event: 0.952 GC heap after
Heap after GC invocations=1 (full 0):
 PSYoungGen      total 76288K, used 7790K [0x00000000e0000000, 0x00000000e5500000, 0x0000000100000000)
  eden space 65536K, 0% used [0x00000000e0000000,0x00000000e0000000,0x00000000e4000000)
  from space 10752K, 72% used [0x00000000e4000000,0x00000000e479b9a8,0x00000000e4a80000)
  to   space 10752K, 0% used [0x00000000e4a80000,0x00000000e4a80000,0x00000000e5500000)
 ParOldGen       total 175104K, used 8K [0x00000000a0000000, 0x00000000aab00000, 0x00000000e0000000)
  object space 175104K, 0% used [0x00000000a0000000,0x00000000a0002000,0x00000000aab00000)
 Metaspace       used 10826K, capacity 11088K, committed 11264K, reserved 1058816K
  class space    used 1431K, capacity 1522K, committed 1536K, reserved 1048576K
}
Event: 1.742 GC heap before
{Heap before GC invocations=2 (full 0):
 PSYoungGen      total 76288K, used 73326K [0x00000000e0000000, 0x00000000e5500000, 0x0000000100000000)
  eden space 65536K, 100% used [0x00000000e0000000,0x00000000e4000000,0x00000000e4000000)
  from space 10752K, 72% used [0x00000000e4000000,0x00000000e479b9a8,0x00000000e4a80000)
  to   space 10752K, 0% used [0x00000000e4a80000,0x00000000e4a80000,0x00000000e5500000)
 ParOldGen       total 175104K, used 8K [0x00000000a0000000, 0x00000000aab00000, 0x00000000e0000000)
  object space 175104K, 0% used [0x00000000a0000000,0x00000000a0002000,0x00000000aab00000)
 Metaspace       used 16881K, capacity 17260K, committed 17536K, reserved 1064960K
  class space    used 2431K, capacity 2572K, committed 2688K, reserved 1048576K
Event: 1.777 GC heap after
Heap after GC invocations=2 (full 0):
 PSYoungGen      total 76288K, used 10302K [0x00000000e0000000, 0x00000000e9500000, 0x0000000100000000)
  eden space 65536K, 0% used [0x00000000e0000000,0x00000000e0000000,0x00000000e4000000)
  from space 10752K, 95% used [0x00000000e4a80000,0x00000000e548f960,0x00000000e5500000)
  to   space 10752K, 0% used [0x00000000e4000000,0x00000000e4000000,0x00000000e4a80000)
 ParOldGen       total 175104K, used 16K [0x00000000a0000000, 0x00000000aab00000, 0x00000000e0000000)
  object space 175104K, 0% used [0x00000000a0000000,0x00000000a0004000,0x00000000aab00000)
 Metaspace       used 16881K, capacity 17260K, committed 17536K, reserved 1064960K
  class space    used 2431K, capacity 2572K, committed 2688K, reserved 1048576K
}
Event: 2.028 GC heap before
{Heap before GC invocations=3 (full 0):
 PSYoungGen      total 76288K, used 29975K [0x00000000e0000000, 0x00000000e9500000, 0x0000000100000000)
  eden space 65536K, 30% used [0x00000000e0000000,0x00000000e1336670,0x00000000e4000000)
  from space 10752K, 95% used [0x00000000e4a80000,0x00000000e548f960,0x00000000e5500000)
  to   space 10752K, 0% used [0x00000000e4000000,0x00000000e4000000,0x00000000e4a80000)
 ParOldGen       total 175104K, used 16K [0x00000000a0000000, 0x00000000aab00000, 0x00000000e0000000)
  object space 175104K, 0% used [0x00000000a0000000,0x00000000a0004000,0x00000000aab00000)
 Metaspace       used 20778K, capacity 21138K, committed 21248K, reserved 1067008K
  class space    used 2904K, capacity 3053K, committed 3072K, reserved 1048576K
Event: 2.050 GC heap after
Heap after GC invocations=3 (full 0):
 PSYoungGen      total 76288K, used 8688K [0x00000000e0000000, 0x00000000e9500000, 0x0000000100000000)
  eden space 65536K, 0% used [0x00000000e0000000,0x00000000e0000000,0x00000000e4000000)
  from space 10752K, 80% used [0x00000000e4000000,0x00000000e487c2c0,0x00000000e4a80000)
  to   space 10752K, 0% used [0x00000000e8a80000,0x00000000e8a80000,0x00000000e9500000)
 ParOldGen       total 175104K, used 24K [0x00000000a0000000, 0x00000000aab00000, 0x00000000e0000000)
  object space 175104K, 0% used [0x00000000a0000000,0x00000000a0006000,0x00000000aab00000)
 Metaspace       used 20778K, capacity 21138K, committed 21248K, reserved 1067008K
  class space    used 2904K, capacity 3053K, committed 3072K, reserved 1048576K
}
Event: 2.050 GC heap before
{Heap before GC invocations=4 (full 1):
 PSYoungGen      total 76288K, used 8688K [0x00000000e0000000, 0x00000000e9500000, 0x0000000100000000)
  eden space 65536K, 0% used [0x00000000e0000000,0x00000000e0000000,0x00000000e4000000)
  from space 10752K, 80% used [0x00000000e4000000,0x00000000e487c2c0,0x00000000e4a80000)
  to   space 10752K, 0% used [0x00000000e8a80000,0x00000000e8a80000,0x00000000e9500000)
 ParOldGen       total 175104K, used 24K [0x00000000a0000000, 0x00000000aab00000, 0x00000000e0000000)
  object space 175104K, 0% used [0x00000000a0000000,0x00000000a0006000,0x00000000aab00000)
 Metaspace       used 20778K, capacity 21138K, committed 21248K, reserved 1067008K
  class space    used 2904K, capacity 3053K, committed 3072K, reserved 1048576K
Event: 2.107 GC heap after
Heap after GC invocations=4 (full 1):
 PSYoungGen      total 76288K, used 0K [0x00000000e0000000, 0x00000000e9500000, 0x0000000100000000)
  eden space 65536K, 0% used [0x00000000e0000000,0x00000000e0000000,0x00000000e4000000)
  from space 10752K, 0% used [0x00000000e4000000,0x00000000e4000000,0x00000000e4a80000)
  to   space 10752K, 0% used [0x00000000e8a80000,0x00000000e8a80000,0x00000000e9500000)
 ParOldGen       total 99328K, used 8528K [0x00000000a0000000, 0x00000000a6100000, 0x00000000e0000000)
  object space 99328K, 8% used [0x00000000a0000000,0x00000000a0854308,0x00000000a6100000)
 Metaspace       used 20778K, capacity 21138K, committed 21248K, reserved 1067008K
  class space    used 2904K, capacity 3053K, committed 3072K, reserved 1048576K
}
Event: 2.795 GC heap before
{Heap before GC invocations=5 (full 1):
 PSYoungGen      total 76288K, used 65536K [0x00000000e0000000, 0x00000000e9500000, 0x0000000100000000)
  eden space 65536K, 100% used [0x00000000e0000000,0x00000000e4000000,0x00000000e4000000)
  from space 10752K, 0% used [0x00000000e4000000,0x00000000e4000000,0x00000000e4a80000)
  to   space 10752K, 0% used [0x00000000e8a80000,0x00000000e8a80000,0x00000000e9500000)
 ParOldGen       total 99328K, used 8528K [0x00000000a0000000, 0x00000000a6100000, 0x00000000e0000000)
  object space 99328K, 8% used [0x00000000a0000000,0x00000000a0854308,0x00000000a6100000)
 Metaspace       used 26377K, capacity 26738K, committed 27136K, reserved 1073152K
  class space    used 3650K, capacity 3780K, committed 3840K, reserved 1048576K
Event: 2.804 GC heap after
Heap after GC invocations=5 (full 1):
 PSYoungGen      total 110592K, used 7040K [0x00000000e0000000, 0x00000000e9180000, 0x0000000100000000)
  eden space 103424K, 0% used [0x00000000e0000000,0x00000000e0000000,0x00000000e6500000)
  from space 7168K, 98% used [0x00000000e8a80000,0x00000000e91602c0,0x00000000e9180000)
  to   space 10752K, 0% used [0x00000000e7c80000,0x00000000e7c80000,0x00000000e8700000)
 ParOldGen       total 99328K, used 8528K [0x00000000a0000000, 0x00000000a6100000, 0x00000000e0000000)
  object space 99328K, 8% used [0x00000000a0000000,0x00000000a0854308,0x00000000a6100000)
 Metaspace       used 26377K, capacity 26738K, committed 27136K, reserved 1073152K
  class space    used 3650K, capacity 3780K, committed 3840K, reserved 1048576K
}

