# JRE version: OpenJDK Runtime Environment (8.0_152-b02) (build 1.8.0_152-release-1024-b02)
# Java VM: OpenJDK 64-Bit Server VM (25.152-b02 mixed mode windows-amd64 compressed oops)
Heap:
 PSYoungGen      total 272896K, used 181220K [0x00000000e0000000, 0x00000000f6780000, 0x0000000100000000)
  eden space 262144K, 69% used [0x00000000e0000000,0x00000000eb0f92e8,0x00000000f0000000)
  from space 10752K, 0% used [0x00000000f0000000,0x00000000f0000000,0x00000000f0a80000)
  to   space 13312K, 0% used [0x00000000f5a80000,0x00000000f5a80000,0x00000000f6780000)
 ParOldGen       total 141312K, used 16464K [0x00000000a0000000, 0x00000000a8a00000, 0x00000000e0000000)
  object space 141312K, 11% used [0x00000000a0000000,0x00000000a1014198,0x00000000a8a00000)
 Metaspace       used 48131K, capacity 49258K, committed 49368K, reserved 1091584K
  class space    used 6545K, capacity 6858K, committed 6912K, reserved 1048576K
GC Heap History (10 events):
Event: 1.704 GC heap before
{Heap before GC invocations=3 (full 0):
 PSYoungGen      total 141824K, used 30288K [0x00000000e0000000, 0x00000000e9500000, 0x0000000100000000)
  eden space 131072K, 15% used [0x00000000e0000000,0x00000000e134f4e0,0x00000000e8000000)
  from space 10752K, 97% used [0x00000000e8a80000,0x00000000e94c4dc0,0x00000000e9500000)
  to   space 10752K, 0% used [0x00000000e8000000,0x00000000e8000000,0x00000000e8a80000)
 ParOldGen       total 175104K, used 16K [0x00000000a0000000, 0x00000000aab00000, 0x00000000e0000000)
  object space 175104K, 0% used [0x00000000a0000000,0x00000000a0004000,0x00000000aab00000)
 Metaspace       used 20782K, capacity 21130K, committed 21248K, reserved 1067008K
  class space    used 2903K, capacity 3053K, committed 3072K, reserved 1048576K
Event: 1.737 GC heap after
Heap after GC invocations=3 (full 0):
 PSYoungGen      total 141824K, used 8688K [0x00000000e0000000, 0x00000000f1500000, 0x0000000100000000)
  eden space 131072K, 0% used [0x00000000e0000000,0x00000000e0000000,0x00000000e8000000)
  from space 10752K, 80% used [0x00000000e8000000,0x00000000e887c2c0,0x00000000e8a80000)
  to   space 10752K, 0% used [0x00000000f0a80000,0x00000000f0a80000,0x00000000f1500000)
 ParOldGen       total 175104K, used 24K [0x00000000a0000000, 0x00000000aab00000, 0x00000000e0000000)
  object space 175104K, 0% used [0x00000000a0000000,0x00000000a0006000,0x00000000aab00000)
 Metaspace       used 20782K, capacity 21130K, committed 21248K, reserved 1067008K
  class space    used 2903K, capacity 3053K, committed 3072K, reserved 1048576K
}
Event: 1.737 GC heap before
{Heap before GC invocations=4 (full 1):
 PSYoungGen      total 141824K, used 8688K [0x00000000e0000000, 0x00000000f1500000, 0x0000000100000000)
  eden space 131072K, 0% used [0x00000000e0000000,0x00000000e0000000,0x00000000e8000000)
  from space 10752K, 80% used [0x00000000e8000000,0x00000000e887c2c0,0x00000000e8a80000)
  to   space 10752K, 0% used [0x00000000f0a80000,0x00000000f0a80000,0x00000000f1500000)
 ParOldGen       total 175104K, used 24K [0x00000000a0000000, 0x00000000aab00000, 0x00000000e0000000)
  object space 175104K, 0% used [0x00000000a0000000,0x00000000a0006000,0x00000000aab00000)
 Metaspace       used 20782K, capacity 21130K, committed 21248K, reserved 1067008K
  class space    used 2903K, capacity 3053K, committed 3072K, reserved 1048576K
Event: 1.790 GC heap after
Heap after GC invocations=4 (full 1):
 PSYoungGen      total 141824K, used 0K [0x00000000e0000000, 0x00000000f1500000, 0x0000000100000000)
  eden space 131072K, 0% used [0x00000000e0000000,0x00000000e0000000,0x00000000e8000000)
  from space 10752K, 0% used [0x00000000e8000000,0x00000000e8000000,0x00000000e8a80000)
  to   space 10752K, 0% used [0x00000000f0a80000,0x00000000f0a80000,0x00000000f1500000)
 ParOldGen       total 97280K, used 8485K [0x00000000a0000000, 0x00000000a5f00000, 0x00000000e0000000)
  object space 97280K, 8% used [0x00000000a0000000,0x00000000a0849430,0x00000000a5f00000)
 Metaspace       used 20782K, capacity 21130K, committed 21248K, reserved 1067008K
  class space    used 2903K, capacity 3053K, committed 3072K, reserved 1048576K
}
Event: 3.102 GC heap before
{Heap before GC invocations=5 (full 1):
 PSYoungGen      total 141824K, used 131072K [0x00000000e0000000, 0x00000000f1500000, 0x0000000100000000)
  eden space 131072K, 100% used [0x00000000e0000000,0x00000000e8000000,0x00000000e8000000)
  from space 10752K, 0% used [0x00000000e8000000,0x00000000e8000000,0x00000000e8a80000)
  to   space 10752K, 0% used [0x00000000f0a80000,0x00000000f0a80000,0x00000000f1500000)
 ParOldGen       total 97280K, used 8485K [0x00000000a0000000, 0x00000000a5f00000, 0x00000000e0000000)
  object space 97280K, 8% used [0x00000000a0000000,0x00000000a0849430,0x00000000a5f00000)
 Metaspace       used 29715K, capacity 30136K, committed 30464K, reserved 1075200K
  class space    used 4168K, capacity 4337K, committed 4352K, reserved 1048576K
Event: 3.114 GC heap after
Heap after GC invocations=5 (full 1):
 PSYoungGen      total 220160K, used 10726K [0x00000000e0000000, 0x00000000f1500000, 0x0000000100000000)
  eden space 209408K, 0% used [0x00000000e0000000,0x00000000e0000000,0x00000000ecc80000)
  from space 10752K, 99% used [0x00000000f0a80000,0x00000000f14f9990,0x00000000f1500000)
  to   space 10752K, 0% used [0x00000000f0000000,0x00000000f0000000,0x00000000f0a80000)
 ParOldGen       total 97280K, used 10675K [0x00000000a0000000, 0x00000000a5f00000, 0x00000000e0000000)
  object space 97280K, 10% used [0x00000000a0000000,0x00000000a0a6cd68,0x00000000a5f00000)
 Metaspace       used 29715K, capacity 30136K, committed 30464K, reserved 1075200K
  class space    used 4168K, capacity 4337K, committed 4352K, reserved 1048576K
}
Event: 3.465 GC heap before
{Heap before GC invocations=6 (full 1):
 PSYoungGen      total 220160K, used 39716K [0x00000000e0000000, 0x00000000f1500000, 0x0000000100000000)
  eden space 209408K, 13% used [0x00000000e0000000,0x00000000e1c4f750,0x00000000ecc80000)
  from space 10752K, 99% used [0x00000000f0a80000,0x00000000f14f9990,0x00000000f1500000)
  to   space 10752K, 0% used [0x00000000f0000000,0x00000000f0000000,0x00000000f0a80000)
 ParOldGen       total 97280K, used 10675K [0x00000000a0000000, 0x00000000a5f00000, 0x00000000e0000000)
  object space 97280K, 10% used [0x00000000a0000000,0x00000000a0a6cd68,0x00000000a5f00000)
 Metaspace       used 34815K, capacity 35292K, committed 35416K, reserved 1079296K
  class space    used 4783K, capacity 4954K, committed 4992K, reserved 1048576K
Event: 3.492 GC heap after
Heap after GC invocations=6 (full 1):
 PSYoungGen      total 272896K, used 9706K [0x00000000e0000000, 0x00000000f6780000, 0x0000000100000000)
  eden space 262144K, 0% used [0x00000000e0000000,0x00000000e0000000,0x00000000f0000000)
  from space 10752K, 90% used [0x00000000f0000000,0x00000000f097a960,0x00000000f0a80000)
  to   space 13312K, 0% used [0x00000000f5a80000,0x00000000f5a80000,0x00000000f6780000)
 ParOldGen       total 97280K, used 10683K [0x00000000a0000000, 0x00000000a5f00000, 0x00000000e0000000)
  object space 97280K, 10% used [0x00000000a0000000,0x00000000a0a6ed68,0x00000000a5f00000)
 Metaspace       used 34815K, capacity 35292K, committed 35416K, reserved 1079296K
  class space    used 4783K, capacity 4954K, committed 4992K, reserved 1048576K
}
Event: 3.492 GC heap before
{Heap before GC invocations=7 (full 2):
 PSYoungGen      total 272896K, used 9706K [0x00000000e0000000, 0x00000000f6780000, 0x0000000100000000)
  eden space 262144K, 0% used [0x00000000e0000000,0x00000000e0000000,0x00000000f0000000)
  from space 10752K, 90% used [0x00000000f0000000,0x00000000f097a960,0x00000000f0a80000)
  to   space 13312K, 0% used [0x00000000f5a80000,0x00000000f5a80000,0x00000000f6780000)
 ParOldGen       total 97280K, used 10683K [0x00000000a0000000, 0x00000000a5f00000, 0x00000000e0000000)
  object space 97280K, 10% used [0x00000000a0000000,0x00000000a0a6ed68,0x00000000a5f00000)
 Metaspace       used 34815K, capacity 35292K, committed 35416K, reserved 1079296K
  class space    used 4783K, capacity 4954K, committed 4992K, reserved 1048576K
Event: 3.552 GC heap after
Heap after GC invocations=7 (full 2):
 PSYoungGen      total 272896K, used 0K [0x00000000e0000000, 0x00000000f6780000, 0x0000000100000000)
  eden space 262144K, 0% used [0x00000000e0000000,0x00000000e0000000,0x00000000f0000000)
  from space 10752K, 0% used [0x00000000f0000000,0x00000000f0000000,0x00000000f0a80000)
  to   space 13312K, 0% used [0x00000000f5a80000,0x00000000f5a80000,0x00000000f6780000)
 ParOldGen       total 141312K, used 16464K [0x00000000a0000000, 0x00000000a8a00000, 0x00000000e0000000)
  object space 141312K, 11% used [0x00000000a0000000,0x00000000a1014198,0x00000000a8a00000)
 Metaspace       used 34815K, capacity 35292K, committed 35416K, reserved 1079296K
  class space    used 4783K, capacity 4954K, committed 4992K, reserved 1048576K
}

