# JRE version: OpenJDK Runtime Environment (8.0_152-b02) (build 1.8.0_152-release-1024-b02)
# Java VM: OpenJDK 64-Bit Server VM (25.152-b02 mixed mode windows-amd64 compressed oops)
Heap:
 PSYoungGen      total 315392K, used 120956K [0x00000000e0000000, 0x00000000fa980000, 0x0000000100000000)
  eden space 301056K, 35% used [0x00000000e0000000,0x00000000e6823e90,0x00000000f2600000)
  from space 14336K, 99% used [0x00000000f3c00000,0x00000000f49fb4f0,0x00000000f4a00000)
  to   space 22528K, 0% used [0x00000000f2600000,0x00000000f2600000,0x00000000f3c00000)
 ParOldGen       total 160256K, used 30168K [0x00000000a0000000, 0x00000000a9c80000, 0x00000000e0000000)
  object space 160256K, 18% used [0x00000000a0000000,0x00000000a1d76018,0x00000000a9c80000)
 Metaspace       used 55296K, capacity 57054K, committed 57392K, reserved 1097728K
  class space    used 7658K, capacity 8126K, committed 8240K, reserved 1048576K
GC Heap History (10 events):
Event: 2.848 GC heap before
{Heap before GC invocations=4 (full 1):
 PSYoungGen      total 141824K, used 8981K [0x00000000e0000000, 0x00000000f1500000, 0x0000000100000000)
  eden space 131072K, 0% used [0x00000000e0000000,0x00000000e0000000,0x00000000e8000000)
  from space 10752K, 83% used [0x00000000e8000000,0x00000000e88c5650,0x00000000e8a80000)
  to   space 10752K, 0% used [0x00000000f0a80000,0x00000000f0a80000,0x00000000f1500000)
 ParOldGen       total 175104K, used 24K [0x00000000a0000000, 0x00000000aab00000, 0x00000000e0000000)
  object space 175104K, 0% used [0x00000000a0000000,0x00000000a0006000,0x00000000aab00000)
 Metaspace       used 20839K, capacity 21232K, committed 21296K, reserved 1067008K
  class space    used 2926K, capacity 3075K, committed 3120K, reserved 1048576K
Event: 2.881 GC heap after
Heap after GC invocations=4 (full 1):
 PSYoungGen      total 141824K, used 0K [0x00000000e0000000, 0x00000000f1500000, 0x0000000100000000)
  eden space 131072K, 0% used [0x00000000e0000000,0x00000000e0000000,0x00000000e8000000)
  from space 10752K, 0% used [0x00000000e8000000,0x00000000e8000000,0x00000000e8a80000)
  to   space 10752K, 0% used [0x00000000f0a80000,0x00000000f0a80000,0x00000000f1500000)
 ParOldGen       total 102400K, used 8749K [0x00000000a0000000, 0x00000000a6400000, 0x00000000e0000000)
  object space 102400K, 8% used [0x00000000a0000000,0x00000000a088b5d0,0x00000000a6400000)
 Metaspace       used 20839K, capacity 21232K, committed 21296K, reserved 1067008K
  class space    used 2926K, capacity 3075K, committed 3120K, reserved 1048576K
}
Event: 4.572 GC heap before
{Heap before GC invocations=5 (full 1):
 PSYoungGen      total 141824K, used 131072K [0x00000000e0000000, 0x00000000f1500000, 0x0000000100000000)
  eden space 131072K, 100% used [0x00000000e0000000,0x00000000e8000000,0x00000000e8000000)
  from space 10752K, 0% used [0x00000000e8000000,0x00000000e8000000,0x00000000e8a80000)
  to   space 10752K, 0% used [0x00000000f0a80000,0x00000000f0a80000,0x00000000f1500000)
 ParOldGen       total 102400K, used 8749K [0x00000000a0000000, 0x00000000a6400000, 0x00000000e0000000)
  object space 102400K, 8% used [0x00000000a0000000,0x00000000a088b5d0,0x00000000a6400000)
 Metaspace       used 30171K, capacity 30832K, committed 31152K, reserved 1075200K
  class space    used 4255K, capacity 4453K, committed 4528K, reserved 1048576K
Event: 4.587 GC heap after
Heap after GC invocations=5 (full 1):
 PSYoungGen      total 214016K, used 10741K [0x00000000e0000000, 0x00000000f1500000, 0x0000000100000000)
  eden space 203264K, 0% used [0x00000000e0000000,0x00000000e0000000,0x00000000ec680000)
  from space 10752K, 99% used [0x00000000f0a80000,0x00000000f14fd5c0,0x00000000f1500000)
  to   space 10752K, 0% used [0x00000000f0000000,0x00000000f0000000,0x00000000f0a80000)
 ParOldGen       total 102400K, used 11860K [0x00000000a0000000, 0x00000000a6400000, 0x00000000e0000000)
  object space 102400K, 11% used [0x00000000a0000000,0x00000000a0b95318,0x00000000a6400000)
 Metaspace       used 30171K, capacity 30832K, committed 31152K, reserved 1075200K
  class space    used 4255K, capacity 4453K, committed 4528K, reserved 1048576K
}
Event: 7.288 GC heap before
{Heap before GC invocations=6 (full 1):
 PSYoungGen      total 214016K, used 48983K [0x00000000e0000000, 0x00000000f1500000, 0x0000000100000000)
  eden space 203264K, 18% used [0x00000000e0000000,0x00000000e2558970,0x00000000ec680000)
  from space 10752K, 99% used [0x00000000f0a80000,0x00000000f14fd5c0,0x00000000f1500000)
  to   space 10752K, 0% used [0x00000000f0000000,0x00000000f0000000,0x00000000f0a80000)
 ParOldGen       total 102400K, used 11860K [0x00000000a0000000, 0x00000000a6400000, 0x00000000e0000000)
  object space 102400K, 11% used [0x00000000a0000000,0x00000000a0b95318,0x00000000a6400000)
 Metaspace       used 34637K, capacity 35428K, committed 35496K, reserved 1079296K
  class space    used 4854K, capacity 5159K, committed 5168K, reserved 1048576K
Event: 7.309 GC heap after
Heap after GC invocations=6 (full 1):
 PSYoungGen      total 272896K, used 10720K [0x00000000e0000000, 0x00000000f4a00000, 0x0000000100000000)
  eden space 262144K, 0% used [0x00000000e0000000,0x00000000e0000000,0x00000000f0000000)
  from space 10752K, 99% used [0x00000000f0000000,0x00000000f0a781c8,0x00000000f0a80000)
  to   space 14336K, 0% used [0x00000000f3c00000,0x00000000f3c00000,0x00000000f4a00000)
 ParOldGen       total 102400K, used 12236K [0x00000000a0000000, 0x00000000a6400000, 0x00000000e0000000)
  object space 102400K, 11% used [0x00000000a0000000,0x00000000a0bf32a8,0x00000000a6400000)
 Metaspace       used 34637K, capacity 35428K, committed 35496K, reserved 1079296K
  class space    used 4854K, capacity 5159K, committed 5168K, reserved 1048576K
}
Event: 7.309 GC heap before
{Heap before GC invocations=7 (full 2):
 PSYoungGen      total 272896K, used 10720K [0x00000000e0000000, 0x00000000f4a00000, 0x0000000100000000)
  eden space 262144K, 0% used [0x00000000e0000000,0x00000000e0000000,0x00000000f0000000)
  from space 10752K, 99% used [0x00000000f0000000,0x00000000f0a781c8,0x00000000f0a80000)
  to   space 14336K, 0% used [0x00000000f3c00000,0x00000000f3c00000,0x00000000f4a00000)
 ParOldGen       total 102400K, used 12236K [0x00000000a0000000, 0x00000000a6400000, 0x00000000e0000000)
  object space 102400K, 11% used [0x00000000a0000000,0x00000000a0bf32a8,0x00000000a6400000)
 Metaspace       used 34637K, capacity 35428K, committed 35496K, reserved 1079296K
  class space    used 4854K, capacity 5159K, committed 5168K, reserved 1048576K
Event: 7.369 GC heap after
Heap after GC invocations=7 (full 2):
 PSYoungGen      total 272896K, used 0K [0x00000000e0000000, 0x00000000f4a00000, 0x0000000100000000)
  eden space 262144K, 0% used [0x00000000e0000000,0x00000000e0000000,0x00000000f0000000)
  from space 10752K, 0% used [0x00000000f0000000,0x00000000f0000000,0x00000000f0a80000)
  to   space 14336K, 0% used [0x00000000f3c00000,0x00000000f3c00000,0x00000000f4a00000)
 ParOldGen       total 160256K, used 17835K [0x00000000a0000000, 0x00000000a9c80000, 0x00000000e0000000)
  object space 160256K, 11% used [0x00000000a0000000,0x00000000a116af88,0x00000000a9c80000)
 Metaspace       used 34637K, capacity 35428K, committed 35496K, reserved 1079296K
  class space    used 4854K, capacity 5159K, committed 5168K, reserved 1048576K
}
Event: 10.278 GC heap before
{Heap before GC invocations=8 (full 2):
 PSYoungGen      total 272896K, used 262144K [0x00000000e0000000, 0x00000000f4a00000, 0x0000000100000000)
  eden space 262144K, 100% used [0x00000000e0000000,0x00000000f0000000,0x00000000f0000000)
  from space 10752K, 0% used [0x00000000f0000000,0x00000000f0000000,0x00000000f0a80000)
  to   space 14336K, 0% used [0x00000000f3c00000,0x00000000f3c00000,0x00000000f4a00000)
 ParOldGen       total 160256K, used 17835K [0x00000000a0000000, 0x00000000a9c80000, 0x00000000e0000000)
  object space 160256K, 11% used [0x00000000a0000000,0x00000000a116af88,0x00000000a9c80000)
 Metaspace       used 53547K, capacity 55244K, committed 55600K, reserved 1097728K
  class space    used 7424K, capacity 7868K, committed 7984K, reserved 1048576K
Event: 10.309 GC heap after
Heap after GC invocations=8 (full 2):
 PSYoungGen      total 315392K, used 14317K [0x00000000e0000000, 0x00000000fa980000, 0x0000000100000000)
  eden space 301056K, 0% used [0x00000000e0000000,0x00000000e0000000,0x00000000f2600000)
  from space 14336K, 99% used [0x00000000f3c00000,0x00000000f49fb4f0,0x00000000f4a00000)
  to   space 22528K, 0% used [0x00000000f2600000,0x00000000f2600000,0x00000000f3c00000)
 ParOldGen       total 160256K, used 30168K [0x00000000a0000000, 0x00000000a9c80000, 0x00000000e0000000)
  object space 160256K, 18% used [0x00000000a0000000,0x00000000a1d76018,0x00000000a9c80000)
 Metaspace       used 53547K, capacity 55244K, committed 55600K, reserved 1097728K
  class space    used 7424K, capacity 7868K, committed 7984K, reserved 1048576K
}

